  Camera.cpp
  casa.cpp
  figuras.cpp
f:\proyecto final\proyecto\proyecto final\figuras.cpp(20): warning C4838: la conversión de 'double' en 'GLfloat' requiere una conversión de restricción
f:\proyecto final\proyecto\proyecto final\figuras.cpp(91): warning C4838: la conversión de 'double' en 'GLfloat' requiere una conversión de restricción
f:\proyecto final\proyecto\proyecto final\figuras.cpp(164): warning C4838: la conversión de 'double' en 'GLfloat' requiere una conversión de restricción
f:\proyecto final\proyecto\proyecto final\figuras.cpp(234): warning C4838: la conversión de 'double' en 'GLfloat' requiere una conversión de restricción
f:\proyecto final\proyecto\proyecto final\figuras.cpp(307): warning C4838: la conversión de 'double' en 'GLfloat' requiere una conversión de restricción
f:\proyecto final\proyecto\proyecto final\figuras.cpp(359): warning C4838: la conversión de 'double' en 'GLfloat' requiere una conversión de restricción
f:\proyecto final\proyecto\proyecto final\figuras.cpp(426): warning C4838: la conversión de 'double' en 'GLfloat' requiere una conversión de restricción
f:\proyecto final\proyecto\proyecto final\figuras.cpp(496): warning C4838: la conversión de 'double' en 'GLfloat' requiere una conversión de restricción
f:\proyecto final\proyecto\proyecto final\figuras.cpp(561): warning C4838: la conversión de 'double' en 'GLfloat' requiere una conversión de restricción
f:\proyecto final\proyecto\proyecto final\figuras.cpp(626): warning C4838: la conversión de 'double' en 'GLfloat' requiere una conversión de restricción
f:\proyecto final\proyecto\proyecto final\figuras.cpp(678): warning C4838: la conversión de 'double' en 'GLfloat' requiere una conversión de restricción
f:\proyecto final\proyecto\proyecto final\figuras.cpp(731): warning C4838: la conversión de 'double' en 'GLfloat' requiere una conversión de restricción
f:\proyecto final\proyecto\proyecto final\figuras.cpp(801): warning C4838: la conversión de 'double' en 'GLfloat' requiere una conversión de restricción
f:\proyecto final\proyecto\proyecto final\figuras.cpp(865): warning C4101: 'theta': variable local sin referencia
f:\proyecto final\proyecto\proyecto final\figuras.cpp(865): warning C4101: 'phi': variable local sin referencia
  Mobiliario.cpp
  texture.cpp
cmodel.lib(GLRender.obj) : warning LNK4075: se omite '/EDITANDCONTINUE' debido a la especificación '/OPT:ICF'
  Generando código
  82 of 83 functions (98.8%) were compiled, the rest were copied from previous compilation.
    22 functions were new in current compilation
    0 functions had inline decision re-evaluated but remain unchanged
  Generación de código finalizada
cmodel.lib(_3dsloader.obj) : warning LNK4099: no se encontró PDB 'vc70.pdb' con 'cmodel.lib(_3dsloader.obj)' o en 'F:\Proyecto Final\Proyecto\Release\vc70.pdb'; se vinculará el objeto sin tener en cuenta información de depuración
cmodel.lib(CModel.obj) : warning LNK4099: no se encontró PDB 'vc70.pdb' con 'cmodel.lib(CModel.obj)' o en 'F:\Proyecto Final\Proyecto\Release\vc70.pdb'; se vinculará el objeto sin tener en cuenta información de depuración
cmodel.lib(CObject.obj) : warning LNK4099: no se encontró PDB 'vc70.pdb' con 'cmodel.lib(CObject.obj)' o en 'F:\Proyecto Final\Proyecto\Release\vc70.pdb'; se vinculará el objeto sin tener en cuenta información de depuración
cmodel.lib(GFILoader.obj) : warning LNK4099: no se encontró PDB 'vc70.pdb' con 'cmodel.lib(GFILoader.obj)' o en 'F:\Proyecto Final\Proyecto\Release\vc70.pdb'; se vinculará el objeto sin tener en cuenta información de depuración
cmodel.lib(GLRender.obj) : warning LNK4099: no se encontró PDB 'vc70.pdb' con 'cmodel.lib(GLRender.obj)' o en 'F:\Proyecto Final\Proyecto\Release\vc70.pdb'; se vinculará el objeto sin tener en cuenta información de depuración
cmodel.lib(HandleStream.obj) : warning LNK4099: no se encontró PDB 'vc70.pdb' con 'cmodel.lib(HandleStream.obj)' o en 'F:\Proyecto Final\Proyecto\Release\vc70.pdb'; se vinculará el objeto sin tener en cuenta información de depuración
cmodel.lib(imageload.obj) : warning LNK4099: no se encontró PDB 'vc70.pdb' con 'cmodel.lib(imageload.obj)' o en 'F:\Proyecto Final\Proyecto\Release\vc70.pdb'; se vinculará el objeto sin tener en cuenta información de depuración
cmodel.lib(MATRIX4X4.obj) : warning LNK4099: no se encontró PDB 'vc70.pdb' con 'cmodel.lib(MATRIX4X4.obj)' o en 'F:\Proyecto Final\Proyecto\Release\vc70.pdb'; se vinculará el objeto sin tener en cuenta información de depuración
cmodel.lib(VECTOR3D.obj) : warning LNK4099: no se encontró PDB 'vc70.pdb' con 'cmodel.lib(VECTOR3D.obj)' o en 'F:\Proyecto Final\Proyecto\Release\vc70.pdb'; se vinculará el objeto sin tener en cuenta información de depuración
cmodel.lib(VECTOR4D.obj) : warning LNK4099: no se encontró PDB 'vc70.pdb' con 'cmodel.lib(VECTOR4D.obj)' o en 'F:\Proyecto Final\Proyecto\Release\vc70.pdb'; se vinculará el objeto sin tener en cuenta información de depuración
  Proyecto Final.vcxproj -> F:\Proyecto Final\Proyecto\Release\Proyecto Final.exe
